2022-08-13 01:00:16,454-DEBUG: 登录返回信息： {"e":1,"m":"账号或密码错误","d":{}}
2022-08-13 01:00:16,455-ERROR: 20190100----账号或密码错误
2022-08-13 01:00:17,025-DEBUG: HTTP Request: POST https://app.nwafu.edu.cn/uc/wap/login/check "HTTP/1.1 200 OK"
2022-08-13 01:00:17,026-DEBUG: 登录返回信息： {"e":10016,"m":"错误次数已达最大上限,请稍后再试","d":{}}
2022-08-13 01:00:17,026-INFO: 执行完毕，打卡成功 0 人，失败 0 人，密码错误 1 人
2022-08-13 01:02:27,844-DEBUG: 登录返回信息： {"e":1,"m":"账号或密码错误","d":{}}
2022-08-13 01:02:27,844-ERROR: 201901088-----账号或密码错误
2022-08-13 01:02:28,129-DEBUG: HTTP Request: POST https://app.nwafu.edu.cn/uc/wap/login/check "HTTP/1.1 200 OK"
2022-08-13 01:02:28,134-DEBUG: 登录返回信息： {"e":10016,"m":"错误次数已达最大上限,请稍后再试","d":{}}
2022-08-13 01:02:28,134-ERROR: 201901000-----错误次数已达最大上限,请稍后再试
2022-08-13 01:02:28,134-INFO: 执行完毕，打卡成功 0 人，失败 0 人，密码错误 1 人
2022-08-13 01:10:45,837-INFO: 本程序仅供学习使用，请遵守相关法律、规定，珍爱生命！对自己和他人负责！
2022-08-13 01:10:45,837-DEBUG: Using proactor: IocpProactor
2022-08-13 01:10:45,838-INFO: 开始执行
2022-08-13 01:10:46,317-DEBUG: HTTP Request: POST https://app.nwafu.edu.cn/uc/wap/login/check "HTTP/1.1 200 OK"
2022-08-13 01:10:58,605-INFO: 本程序仅供学习使用，请遵守相关法律、规定，珍爱生命！对自己和他人负责！
2022-08-13 01:10:58,605-DEBUG: Using proactor: IocpProactor
2022-08-13 01:10:58,607-INFO: 开始执行
2022-08-13 01:10:59,040-DEBUG: HTTP Request: POST https://app.nwafu.edu.cn/uc/wap/login/check "HTTP/1.1 200 OK"
2022-08-13 01:10:59,041-DEBUG: 登录返回信息： {"e":1,"m":"账号或密码错误","d":{}}
2022-08-13 01:11:27,542-INFO: 本程序仅供学习使用，请遵守相关法律、规定，珍爱生命！对自己和他人负责！
2022-08-13 01:11:27,543-DEBUG: Using proactor: IocpProactor
2022-08-13 01:11:27,544-INFO: 开始执行
2022-08-13 01:11:27,868-DEBUG: HTTP Request: POST https://app.nwafu.edu.cn/uc/wap/login/check "HTTP/1.1 200 OK"
2022-08-13 01:11:27,869-DEBUG: 登录返回信息： {"e":1,"m":"账号或密码错误","d":{}}
2022-08-13 01:11:27,869-ERROR: 114514-----账号或密码错误
2022-08-13 01:11:29,000-DEBUG: HTTP Request: POST https://app.nwafu.edu.cn/uc/wap/login/check "HTTP/1.1 200 OK"
2022-08-13 01:11:29,001-DEBUG: 登录返回信息： {"e":1,"m":"账号或密码错误","d":{}}
2022-08-13 01:11:29,002-ERROR: 7355608-----账号或密码错误
2022-08-13 01:11:29,002-INFO: 执行完毕，打卡成功 0 人，失败 0 人，密码错误 2 人
2022-08-13 01:11:58,072-INFO: 本程序仅供学习使用，请遵守相关法律、规定，珍爱生命！对自己和他人负责！
2022-08-13 01:11:58,073-DEBUG: Using proactor: IocpProactor
2022-08-13 01:11:58,074-INFO: 开始执行
2022-08-13 01:11:58,396-DEBUG: HTTP Request: POST https://app.nwafu.edu.cn/uc/wap/login/check "HTTP/1.1 200 OK"
2022-08-13 01:11:58,397-DEBUG: 登录返回信息： {"e":1,"m":"账号或密码错误","d":{}}
2022-08-13 01:11:58,398-ERROR: 114514-----账号或密码错误
2022-08-13 01:11:58,754-DEBUG: HTTP Request: POST https://app.nwafu.edu.cn/uc/wap/login/check "HTTP/1.1 200 OK"
2022-08-13 01:11:58,755-DEBUG: 登录返回信息： {"e":1,"m":"账号或密码错误","d":{}}
2022-08-13 01:11:58,755-ERROR: 7355608-----账号或密码错误
2022-08-13 01:11:58,756-INFO: 执行完毕，打卡成功 0 人，失败 0 人，密码错误 2 人
